2022-01-23 18:47:26,532 INFO org.springframework.boot.StartupInfoLogger [restartedMain] Starting AssignmentVaadinUiApplication using Java 1.8.0_211 on MR-HPZBook with PID 9376 (E:\WorkSpaces\SprongBoot\assignmentVaadinUi\target\classes started by Mohamed_Ramadan in E:\WorkSpaces\SprongBoot\assignmentVaadinUi)
2022-01-23 18:47:26,532 INFO org.springframework.boot.SpringApplication [restartedMain] No active profile set, falling back to default profiles: default
2022-01-23 18:47:26,595 INFO org.springframework.boot.logging.DeferredLog [restartedMain] Devtools property defaults active! Set 'spring.devtools.add-properties' to 'false' to disable
2022-01-23 18:47:26,595 INFO org.springframework.boot.logging.DeferredLog [restartedMain] For additional web related logging consider setting the 'logging.level.web' property to 'DEBUG'
2022-01-23 18:47:27,628 INFO org.springframework.boot.web.embedded.tomcat.TomcatWebServer [restartedMain] Tomcat initialized with port(s): 9090 (http)
2022-01-23 18:47:27,644 INFO org.apache.juli.logging.DirectJDKLog [restartedMain] Initializing ProtocolHandler ["http-nio-9090"]
2022-01-23 18:47:27,644 INFO org.apache.juli.logging.DirectJDKLog [restartedMain] Starting service [Tomcat]
2022-01-23 18:47:27,644 INFO org.apache.juli.logging.DirectJDKLog [restartedMain] Starting Servlet engine: [Apache Tomcat/9.0.56]
2022-01-23 18:47:27,832 INFO org.apache.juli.logging.DirectJDKLog [restartedMain] Initializing Spring embedded WebApplicationContext
2022-01-23 18:47:27,832 INFO org.springframework.boot.web.servlet.context.ServletWebServerApplicationContext [restartedMain] Root WebApplicationContext: initialization completed in 1237 ms
2022-01-23 18:47:34,829 INFO com.vaadin.flow.spring.VaadinServletContextInitializer$DevModeServletContextListener [restartedMain] Search for subclasses and classes with annotations took 6 seconds
2022-01-23 18:47:34,829 INFO com.vaadin.flow.spring.VaadinServletContextInitializer$DevModeServletContextListener [restartedMain] Due to slow search it is recommended to use the whitelisted-packages feature to make scanning faster.

See the whitelisted-packages section in the docs at https://vaadin.com/docs/latest/flow/integrations/spring/configuration#special-configuration-parameters
2022-01-23 18:47:34,829 INFO com.vaadin.flow.server.startup.DevModeInitializer [restartedMain] Starting dev-mode updaters in E:\WorkSpaces\SprongBoot\assignmentVaadinUi folder.
2022-01-23 18:47:34,861 INFO com.vaadin.flow.server.frontend.scanner.FullDependenciesScanner [restartedMain] Visited 91 classes. Took 16 ms.
2022-01-23 18:47:34,907 INFO com.vaadin.flow.server.frontend.TaskRunNpmInstall [restartedMain] Skipping `npm install` because the frontend packages are already installed in the folder 'E:\WorkSpaces\SprongBoot\assignmentVaadinUi\node_modules' and the hash in the file 'E:\WorkSpaces\SprongBoot\assignmentVaadinUi\node_modules\.vaadin\vaadin.json' is the same as in 'package.json'
2022-01-23 18:47:34,923 INFO com.vaadin.flow.server.frontend.TaskCopyFrontendFiles [restartedMain] Copying frontend resources from jar files ...
2022-01-23 18:47:34,939 INFO com.vaadin.flow.server.frontend.TaskCopyFrontendFiles [restartedMain] Visited 13 resources. Took 19 ms.
2022-01-23 18:47:34,986 INFO com.vaadin.flow.server.frontend.scanner.FullDependenciesScanner [restartedMain] Visited 91 classes. Took 0 ms.
2022-01-23 18:47:35,017 INFO com.vaadin.flow.server.frontend.TaskRunNpmInstall [ForkJoinPool.commonPool-worker-1] Skipping `npm install` because the frontend packages are already installed in the folder 'E:\WorkSpaces\SprongBoot\assignmentVaadinUi\node_modules' and the hash in the file 'E:\WorkSpaces\SprongBoot\assignmentVaadinUi\node_modules\.vaadin\vaadin.json' is the same as in 'package.json'
2022-01-23 18:47:35,032 INFO com.vaadin.flow.server.frontend.TaskCopyFrontendFiles [ForkJoinPool.commonPool-worker-1] Copying frontend resources from jar files ...
2022-01-23 18:47:35,050 INFO com.vaadin.flow.server.frontend.TaskCopyFrontendFiles [ForkJoinPool.commonPool-worker-1] Visited 13 resources. Took 13 ms.
2022-01-23 18:47:35,052 ERROR org.apache.juli.logging.DirectJDKLog [restartedMain] Exception loading sessions from persistent storage
java.io.InvalidClassException: com.sirma.assignmentvaadinui.pages.MainView; local class incompatible: stream classdesc serialVersionUID = 6744576575936779138, local class serialVersionUID = -6456190684011378330
	at java.io.ObjectStreamClass.initNonProxy(ObjectStreamClass.java:699)
	at java.io.ObjectInputStream.readNonProxyDesc(ObjectInputStream.java:1885)
	at java.io.ObjectInputStream.readClassDesc(ObjectInputStream.java:1751)
	at java.io.ObjectInputStream.readOrdinaryObject(ObjectInputStream.java:2042)
	at java.io.ObjectInputStream.readObject0(ObjectInputStream.java:1573)
	at java.io.ObjectInputStream.readObject(ObjectInputStream.java:431)
	at java.util.HashMap.readObject(HashMap.java:1412)
	at sun.reflect.NativeMethodAccessorImpl.invoke0(Native Method)
	at sun.reflect.NativeMethodAccessorImpl.invoke(NativeMethodAccessorImpl.java:62)
	at sun.reflect.DelegatingMethodAccessorImpl.invoke(DelegatingMethodAccessorImpl.java:43)
	at java.lang.reflect.Method.invoke(Method.java:498)
	at java.io.ObjectStreamClass.invokeReadObject(ObjectStreamClass.java:1170)
	at java.io.ObjectInputStream.readSerialData(ObjectInputStream.java:2178)
	at java.io.ObjectInputStream.readOrdinaryObject(ObjectInputStream.java:2069)
	at java.io.ObjectInputStream.readObject0(ObjectInputStream.java:1573)
	at java.io.ObjectInputStream.defaultReadFields(ObjectInputStream.java:2287)
	at java.io.ObjectInputStream.readSerialData(ObjectInputStream.java:2211)
	at java.io.ObjectInputStream.readOrdinaryObject(ObjectInputStream.java:2069)
	at java.io.ObjectInputStream.readObject0(ObjectInputStream.java:1573)
	at java.io.ObjectInputStream.readObject(ObjectInputStream.java:431)
	at java.util.HashMap.readObject(HashMap.java:1412)
	at sun.reflect.NativeMethodAccessorImpl.invoke0(Native Method)
	at sun.reflect.NativeMethodAccessorImpl.invoke(NativeMethodAccessorImpl.java:62)
	at sun.reflect.DelegatingMethodAccessorImpl.invoke(DelegatingMethodAccessorImpl.java:43)
	at java.lang.reflect.Method.invoke(Method.java:498)
	at java.io.ObjectStreamClass.invokeReadObject(ObjectStreamClass.java:1170)
	at java.io.ObjectInputStream.readSerialData(ObjectInputStream.java:2178)
	at java.io.ObjectInputStream.readOrdinaryObject(ObjectInputStream.java:2069)
	at java.io.ObjectInputStream.readObject0(ObjectInputStream.java:1573)
	at java.io.ObjectInputStream.defaultReadFields(ObjectInputStream.java:2287)
	at java.io.ObjectInputStream.readSerialData(ObjectInputStream.java:2211)
	at java.io.ObjectInputStream.readOrdinaryObject(ObjectInputStream.java:2069)
	at java.io.ObjectInputStream.readObject0(ObjectInputStream.java:1573)
	at java.io.ObjectInputStream.readObject(ObjectInputStream.java:431)
	at java.util.HashMap.readObject(HashMap.java:1412)
	at sun.reflect.NativeMethodAccessorImpl.invoke0(Native Method)
	at sun.reflect.NativeMethodAccessorImpl.invoke(NativeMethodAccessorImpl.java:62)
	at sun.reflect.DelegatingMethodAccessorImpl.invoke(DelegatingMethodAccessorImpl.java:43)
	at java.lang.reflect.Method.invoke(Method.java:498)
	at java.io.ObjectStreamClass.invokeReadObject(ObjectStreamClass.java:1170)
	at java.io.ObjectInputStream.readSerialData(ObjectInputStream.java:2178)
	at java.io.ObjectInputStream.readOrdinaryObject(ObjectInputStream.java:2069)
	at java.io.ObjectInputStream.readObject0(ObjectInputStream.java:1573)
	at java.io.ObjectInputStream.defaultReadFields(ObjectInputStream.java:2287)
	at java.io.ObjectInputStream.readSerialData(ObjectInputStream.java:2211)
	at java.io.ObjectInputStream.readOrdinaryObject(ObjectInputStream.java:2069)
	at java.io.ObjectInputStream.readObject0(ObjectInputStream.java:1573)
	at java.io.ObjectInputStream.defaultReadFields(ObjectInputStream.java:2287)
	at java.io.ObjectInputStream.defaultReadObject(ObjectInputStream.java:561)
	at com.vaadin.flow.server.VaadinSession.readObject(VaadinSession.java:1056)
	at sun.reflect.NativeMethodAccessorImpl.invoke0(Native Method)
	at sun.reflect.NativeMethodAccessorImpl.invoke(NativeMethodAccessorImpl.java:62)
	at sun.reflect.DelegatingMethodAccessorImpl.invoke(DelegatingMethodAccessorImpl.java:43)
	at java.lang.reflect.Method.invoke(Method.java:498)
	at java.io.ObjectStreamClass.invokeReadObject(ObjectStreamClass.java:1170)
	at java.io.ObjectInputStream.readSerialData(ObjectInputStream.java:2178)
	at java.io.ObjectInputStream.readOrdinaryObject(ObjectInputStream.java:2069)
	at java.io.ObjectInputStream.readObject0(ObjectInputStream.java:1573)
	at java.io.ObjectInputStream.readObject(ObjectInputStream.java:431)
	at org.apache.catalina.session.StandardSession.doReadObject(StandardSession.java:1608)
	at org.apache.catalina.session.StandardSession.readObjectData(StandardSession.java:1050)
	at org.apache.catalina.session.StandardManager.doLoad(StandardManager.java:219)
	at org.apache.catalina.session.StandardManager.load(StandardManager.java:162)
	at org.apache.catalina.session.StandardManager.startInternal(StandardManager.java:356)
	at org.apache.catalina.util.LifecycleBase.start(LifecycleBase.java:183)
	at org.apache.catalina.core.StandardContext.startInternal(StandardContext.java:5247)
	at org.apache.catalina.util.LifecycleBase.start(LifecycleBase.java:183)
	at org.apache.catalina.core.ContainerBase$StartChild.call(ContainerBase.java:1396)
	at org.apache.catalina.core.ContainerBase$StartChild.call(ContainerBase.java:1386)
	at java.util.concurrent.FutureTask.run$$$capture(FutureTask.java:266)
	at java.util.concurrent.FutureTask.run(FutureTask.java)
	at org.apache.tomcat.util.threads.InlineExecutorService.execute(InlineExecutorService.java:75)
	at java.util.concurrent.AbstractExecutorService.submit(AbstractExecutorService.java:134)
	at org.apache.catalina.core.ContainerBase.startInternal(ContainerBase.java:919)
	at org.apache.catalina.core.StandardHost.startInternal(StandardHost.java:835)
	at org.apache.catalina.util.LifecycleBase.start(LifecycleBase.java:183)
	at org.apache.catalina.core.ContainerBase$StartChild.call(ContainerBase.java:1396)
	at org.apache.catalina.core.ContainerBase$StartChild.call(ContainerBase.java:1386)
	at java.util.concurrent.FutureTask.run$$$capture(FutureTask.java:266)
	at java.util.concurrent.FutureTask.run(FutureTask.java)
	at org.apache.tomcat.util.threads.InlineExecutorService.execute(InlineExecutorService.java:75)
	at java.util.concurrent.AbstractExecutorService.submit(AbstractExecutorService.java:134)
	at org.apache.catalina.core.ContainerBase.startInternal(ContainerBase.java:919)
	at org.apache.catalina.core.StandardEngine.startInternal(StandardEngine.java:263)
	at org.apache.catalina.util.LifecycleBase.start(LifecycleBase.java:183)
	at org.apache.catalina.core.StandardService.startInternal(StandardService.java:432)
	at org.apache.catalina.util.LifecycleBase.start(LifecycleBase.java:183)
	at org.apache.catalina.core.StandardServer.startInternal(StandardServer.java:927)
	at org.apache.catalina.util.LifecycleBase.start(LifecycleBase.java:183)
	at org.apache.catalina.startup.Tomcat.start(Tomcat.java:486)
	at org.springframework.boot.web.embedded.tomcat.TomcatWebServer.initialize(TomcatWebServer.java:123)
	at org.springframework.boot.web.embedded.tomcat.TomcatWebServer.<init>(TomcatWebServer.java:104)
	at org.springframework.boot.web.embedded.tomcat.TomcatServletWebServerFactory.getTomcatWebServer(TomcatServletWebServerFactory.java:478)
	at org.springframework.boot.web.embedded.tomcat.TomcatServletWebServerFactory.getWebServer(TomcatServletWebServerFactory.java:211)
	at org.springframework.boot.web.servlet.context.ServletWebServerApplicationContext.createWebServer(ServletWebServerApplicationContext.java:182)
	at org.springframework.boot.web.servlet.context.ServletWebServerApplicationContext.onRefresh(ServletWebServerApplicationContext.java:160)
	at org.springframework.context.support.AbstractApplicationContext.refresh(AbstractApplicationContext.java:577)
	at org.springframework.boot.web.servlet.context.ServletWebServerApplicationContext.refresh(ServletWebServerApplicationContext.java:145)
	at org.springframework.boot.SpringApplication.refresh(SpringApplication.java:732)
	at org.springframework.boot.SpringApplication.refreshContext(SpringApplication.java:414)
	at org.springframework.boot.SpringApplication.run(SpringApplication.java:302)
	at org.springframework.boot.SpringApplication.run(SpringApplication.java:1303)
	at org.springframework.boot.SpringApplication.run(SpringApplication.java:1292)
	at com.sirma.assignmentvaadinui.AssignmentVaadinUiApplication.main(AssignmentVaadinUiApplication.java:10)
	at sun.reflect.NativeMethodAccessorImpl.invoke0(Native Method)
	at sun.reflect.NativeMethodAccessorImpl.invoke(NativeMethodAccessorImpl.java:62)
	at sun.reflect.DelegatingMethodAccessorImpl.invoke(DelegatingMethodAccessorImpl.java:43)
	at java.lang.reflect.Method.invoke(Method.java:498)
	at org.springframework.boot.devtools.restart.RestartLauncher.run(RestartLauncher.java:49)
2022-01-23 18:47:35,084 INFO com.vaadin.flow.server.DevModeHandler [ForkJoinPool.commonPool-worker-1] Starting webpack-dev-server
2022-01-23 18:47:35,619 WARN org.springframework.boot.devtools.autoconfigure.OptionalLiveReloadServer [restartedMain] Unable to start LiveReload server
2022-01-23 18:47:35,669 INFO org.atmosphere.cpr.AtmosphereFramework [restartedMain] Installed AtmosphereHandler com.vaadin.flow.server.communication.PushAtmosphereHandler mapped to context-path: /*
2022-01-23 18:47:35,669 INFO org.atmosphere.cpr.AtmosphereFramework [restartedMain] Installed the following AtmosphereInterceptor mapped to AtmosphereHandler com.vaadin.flow.server.communication.PushAtmosphereHandler
2022-01-23 18:47:35,685 INFO org.atmosphere.cpr.AtmosphereFramework [restartedMain] Atmosphere is using org.atmosphere.util.VoidAnnotationProcessor for processing annotation
2022-01-23 18:47:35,700 INFO org.atmosphere.util.ForkJoinPool [restartedMain] Using ForkJoinPool  java.util.concurrent.ForkJoinPool. Set the org.atmosphere.cpr.broadcaster.maxAsyncWriteThreads to -1 to fully use its power.
2022-01-23 18:47:35,700 INFO org.atmosphere.cpr.AtmosphereFramework [restartedMain] Installed WebSocketProtocol org.atmosphere.websocket.protocol.SimpleHttpProtocol 
2022-01-23 18:47:35,700 INFO org.atmosphere.container.JSR356AsyncSupport [restartedMain] JSR 356 Mapping path /vaadinServlet
2022-01-23 18:47:35,716 INFO org.atmosphere.cpr.AtmosphereFramework [restartedMain] Installing Default AtmosphereInterceptors
2022-01-23 18:47:35,716 INFO org.atmosphere.cpr.AtmosphereFramework [restartedMain] 	org.atmosphere.interceptor.CorsInterceptor : CORS Interceptor Support
2022-01-23 18:47:35,716 INFO org.atmosphere.cpr.AtmosphereFramework [restartedMain] 	org.atmosphere.interceptor.CacheHeadersInterceptor : Default Response's Headers Interceptor
2022-01-23 18:47:35,716 INFO org.atmosphere.cpr.AtmosphereFramework [restartedMain] 	org.atmosphere.interceptor.PaddingAtmosphereInterceptor : Browser Padding Interceptor Support
2022-01-23 18:47:35,716 INFO org.atmosphere.cpr.AtmosphereFramework [restartedMain] 	org.atmosphere.interceptor.AndroidAtmosphereInterceptor : Android Interceptor Support
2022-01-23 18:47:35,716 INFO org.atmosphere.cpr.AtmosphereFramework [restartedMain] Dropping Interceptor org.atmosphere.interceptor.HeartbeatInterceptor
2022-01-23 18:47:35,716 INFO org.atmosphere.cpr.AtmosphereFramework [restartedMain] 	org.atmosphere.interceptor.SSEAtmosphereInterceptor : SSE Interceptor Support
2022-01-23 18:47:35,716 INFO org.atmosphere.cpr.AtmosphereFramework [restartedMain] 	org.atmosphere.interceptor.JSONPAtmosphereInterceptor : JSONP Interceptor Support
2022-01-23 18:47:35,716 INFO org.atmosphere.cpr.AtmosphereFramework [restartedMain] 	org.atmosphere.interceptor.JavaScriptProtocol : Atmosphere JavaScript Protocol
2022-01-23 18:47:35,716 INFO org.atmosphere.cpr.AtmosphereFramework [restartedMain] 	org.atmosphere.interceptor.WebSocketMessageSuspendInterceptor : org.atmosphere.interceptor.WebSocketMessageSuspendInterceptor
2022-01-23 18:47:35,716 INFO org.atmosphere.cpr.AtmosphereFramework [restartedMain] 	org.atmosphere.interceptor.OnDisconnectInterceptor : Browser disconnection detection
2022-01-23 18:47:35,716 INFO org.atmosphere.cpr.AtmosphereFramework [restartedMain] 	org.atmosphere.interceptor.IdleResourceInterceptor : org.atmosphere.interceptor.IdleResourceInterceptor
2022-01-23 18:47:35,716 INFO org.atmosphere.cpr.AtmosphereFramework [restartedMain] Set org.atmosphere.cpr.AtmosphereInterceptor.disableDefaults to disable them.
2022-01-23 18:47:35,716 INFO org.atmosphere.cpr.AtmosphereFramework [restartedMain] Installed AtmosphereInterceptor CORS Interceptor Support with priority FIRST_BEFORE_DEFAULT 
2022-01-23 18:47:35,731 INFO org.atmosphere.cpr.AtmosphereFramework [restartedMain] Installed AtmosphereInterceptor Default Response's Headers Interceptor with priority AFTER_DEFAULT 
2022-01-23 18:47:35,731 INFO org.atmosphere.cpr.AtmosphereFramework [restartedMain] Installed AtmosphereInterceptor Browser Padding Interceptor Support with priority AFTER_DEFAULT 
2022-01-23 18:47:35,731 INFO org.atmosphere.cpr.AtmosphereFramework [restartedMain] Installed AtmosphereInterceptor Android Interceptor Support with priority AFTER_DEFAULT 
2022-01-23 18:47:35,731 INFO org.atmosphere.cpr.AtmosphereFramework [restartedMain] Installed AtmosphereInterceptor SSE Interceptor Support with priority AFTER_DEFAULT 
2022-01-23 18:47:35,731 INFO org.atmosphere.cpr.AtmosphereFramework [restartedMain] Installed AtmosphereInterceptor JSONP Interceptor Support with priority AFTER_DEFAULT 
2022-01-23 18:47:35,731 INFO org.atmosphere.cpr.AtmosphereFramework [restartedMain] Installed AtmosphereInterceptor Atmosphere JavaScript Protocol with priority AFTER_DEFAULT 
2022-01-23 18:47:35,731 INFO org.atmosphere.cpr.AtmosphereFramework [restartedMain] Installed AtmosphereInterceptor org.atmosphere.interceptor.WebSocketMessageSuspendInterceptor with priority AFTER_DEFAULT 
2022-01-23 18:47:35,731 INFO org.atmosphere.cpr.AtmosphereFramework [restartedMain] Installed AtmosphereInterceptor Browser disconnection detection with priority AFTER_DEFAULT 
2022-01-23 18:47:35,731 INFO org.atmosphere.cpr.AtmosphereFramework [restartedMain] Installed AtmosphereInterceptor org.atmosphere.interceptor.IdleResourceInterceptor with priority BEFORE_DEFAULT 
2022-01-23 18:47:35,731 INFO org.atmosphere.cpr.AtmosphereFramework [restartedMain] Using EndpointMapper class org.atmosphere.util.DefaultEndpointMapper
2022-01-23 18:47:35,731 INFO org.atmosphere.cpr.AtmosphereFramework [restartedMain] Using BroadcasterCache: org.atmosphere.cache.UUIDBroadcasterCache
2022-01-23 18:47:35,731 INFO org.atmosphere.cpr.AtmosphereFramework [restartedMain] Default Broadcaster Class: org.atmosphere.cpr.DefaultBroadcaster
2022-01-23 18:47:35,731 INFO org.atmosphere.cpr.AtmosphereFramework [restartedMain] Broadcaster Shared List Resources: false
2022-01-23 18:47:35,731 INFO org.atmosphere.cpr.AtmosphereFramework [restartedMain] Broadcaster Polling Wait Time 100
2022-01-23 18:47:35,731 INFO org.atmosphere.cpr.AtmosphereFramework [restartedMain] Shared ExecutorService supported: true
2022-01-23 18:47:35,731 INFO org.atmosphere.cpr.AtmosphereFramework [restartedMain] Messaging ExecutorService Pool Size unavailable - Not instance of ThreadPoolExecutor
2022-01-23 18:47:35,731 INFO org.atmosphere.cpr.AtmosphereFramework [restartedMain] Async I/O Thread Pool Size: 200
2022-01-23 18:47:35,731 INFO org.atmosphere.cpr.AtmosphereFramework [restartedMain] Using BroadcasterFactory: org.atmosphere.cpr.DefaultBroadcasterFactory
2022-01-23 18:47:35,731 INFO org.atmosphere.cpr.AtmosphereFramework [restartedMain] Using AtmosphereResurceFactory: org.atmosphere.cpr.DefaultAtmosphereResourceFactory
2022-01-23 18:47:35,731 INFO org.atmosphere.cpr.AtmosphereFramework [restartedMain] Using WebSocketProcessor: org.atmosphere.websocket.DefaultWebSocketProcessor
2022-01-23 18:47:35,731 INFO org.atmosphere.cpr.AtmosphereFramework [restartedMain] Invoke AtmosphereInterceptor on WebSocket message true
2022-01-23 18:47:35,731 INFO org.atmosphere.cpr.AtmosphereFramework [restartedMain] HttpSession supported: true
2022-01-23 18:47:35,731 INFO org.atmosphere.cpr.AtmosphereFramework [restartedMain] Atmosphere is using DefaultAtmosphereObjectFactory for dependency injection and object creation
2022-01-23 18:47:35,731 INFO org.atmosphere.cpr.AtmosphereFramework [restartedMain] Atmosphere is using async support: org.atmosphere.container.JSR356AsyncSupport running under container: Apache Tomcat/9.0.56 using javax.servlet/3.0 and jsr356/WebSocket API
2022-01-23 18:47:35,731 INFO org.atmosphere.cpr.AtmosphereFramework [restartedMain] Atmosphere Framework 2.4.30.slf4jvaadin1 started.
2022-01-23 18:47:35,731 INFO org.atmosphere.cpr.AtmosphereFramework [restartedMain] Installed AtmosphereInterceptor  Track Message Size Interceptor using | with priority BEFORE_DEFAULT 
2022-01-23 18:47:35,747 INFO org.apache.juli.logging.DirectJDKLog [restartedMain] Starting ProtocolHandler ["http-nio-9090"]
2022-01-23 18:47:35,763 INFO org.springframework.boot.web.embedded.tomcat.TomcatWebServer [restartedMain] Tomcat started on port(s): 9090 (http) with context path ''
2022-01-23 18:47:35,778 INFO org.springframework.boot.StartupInfoLogger [restartedMain] Started AssignmentVaadinUiApplication in 9.844 seconds (JVM running for 11.331)
2022-01-23 18:47:37,751 INFO com.vaadin.flow.server.DevModeHandler [ForkJoinPool.commonPool-worker-1] Running webpack to compile frontend resources. This may take a moment, please stand by...
2022-01-23 18:47:40,938 INFO org.apache.juli.logging.DirectJDKLog [http-nio-9090-exec-1] Initializing Spring DispatcherServlet 'dispatcherServlet'
2022-01-23 18:47:40,938 INFO org.springframework.web.servlet.FrameworkServlet [http-nio-9090-exec-1] Initializing Servlet 'dispatcherServlet'
2022-01-23 18:47:40,939 INFO org.springframework.web.servlet.FrameworkServlet [http-nio-9090-exec-1] Completed initialization in 1 ms
2022-01-23 18:47:40,975 WARN com.vaadin.flow.server.DeploymentConfigurationFactory [http-nio-9090-exec-1] Found 'webpack.config.js' in the project/working directory. Will use it for webpack dev server.
2022-01-23 18:47:40,977 INFO com.vaadin.flow.server.DefaultDeploymentConfiguration [http-nio-9090-exec-1] 
Vaadin is running in DEBUG MODE.
When deploying application for production, remember to disable debug features. See more from https://vaadin.com/docs/
2022-01-23 18:47:41,125 INFO com.vaadin.flow.spring.SpringInstantiator [http-nio-9090-exec-2] The number of beans implementing 'I18NProvider' is 0. Cannot use Spring beans for I18N, falling back to the default behavior
2022-01-23 18:47:41,454 INFO com.vaadin.flow.server.DevModeHandler [ForkJoinPool.commonPool-worker-1] Started webpack-dev-server. Time: 3697ms
2022-01-23 18:48:10,193 INFO com.sirma.assignmentvaadinui.backend.utils.LoggerUtils [http-nio-9090-exec-10] [Start Upload file to backend...]
2022-01-23 18:48:12,509 ERROR com.vaadin.flow.server.DefaultErrorHandler [http-nio-9090-exec-10] 
com.vaadin.flow.server.UploadException: Upload failed
	at com.vaadin.flow.server.communication.StreamReceiverHandler.streamToReceiver(StreamReceiverHandler.java:526)
	at com.vaadin.flow.server.communication.StreamReceiverHandler.handleFileUploadValidationAndData(StreamReceiverHandler.java:363)
	at com.vaadin.flow.server.communication.StreamReceiverHandler.handleStream(StreamReceiverHandler.java:274)
	at com.vaadin.flow.server.communication.StreamReceiverHandler.handleMultipartFileUploadFromParts(StreamReceiverHandler.java:233)
	at com.vaadin.flow.server.communication.StreamReceiverHandler.doHandleMultipartFileUpload(StreamReceiverHandler.java:186)
	at com.vaadin.flow.server.communication.StreamReceiverHandler.handleRequest(StreamReceiverHandler.java:146)
	at com.vaadin.flow.server.communication.StreamRequestHandler.handleRequest(StreamRequestHandler.java:112)
	at com.vaadin.flow.server.VaadinService.handleRequest(VaadinService.java:1578)
	at com.vaadin.flow.server.VaadinServlet.service(VaadinServlet.java:252)
	at com.vaadin.flow.spring.SpringServlet.service(SpringServlet.java:111)
	at javax.servlet.http.HttpServlet.service(HttpServlet.java:764)
	at org.apache.catalina.core.ApplicationFilterChain.internalDoFilter(ApplicationFilterChain.java:227)
	at org.apache.catalina.core.ApplicationFilterChain.doFilter(ApplicationFilterChain.java:162)
	at org.apache.catalina.core.ApplicationDispatcher.invoke(ApplicationDispatcher.java:711)
	at org.apache.catalina.core.ApplicationDispatcher.processRequest(ApplicationDispatcher.java:459)
	at org.apache.catalina.core.ApplicationDispatcher.doForward(ApplicationDispatcher.java:353)
	at org.apache.catalina.core.ApplicationDispatcher.forward(ApplicationDispatcher.java:313)
	at org.springframework.web.servlet.mvc.ServletForwardingController.handleRequestInternal(ServletForwardingController.java:141)
	at org.springframework.web.servlet.mvc.AbstractController.handleRequest(AbstractController.java:177)
	at org.springframework.web.servlet.mvc.SimpleControllerHandlerAdapter.handle(SimpleControllerHandlerAdapter.java:51)
	at org.springframework.web.servlet.DispatcherServlet.doDispatch(DispatcherServlet.java:1067)
	at org.springframework.web.servlet.DispatcherServlet.doService(DispatcherServlet.java:963)
	at org.springframework.web.servlet.FrameworkServlet.processRequest(FrameworkServlet.java:1006)
	at org.springframework.web.servlet.FrameworkServlet.doPost(FrameworkServlet.java:909)
	at javax.servlet.http.HttpServlet.service(HttpServlet.java:681)
	at org.springframework.web.servlet.FrameworkServlet.service(FrameworkServlet.java:883)
	at javax.servlet.http.HttpServlet.service(HttpServlet.java:764)
	at org.apache.catalina.core.ApplicationFilterChain.internalDoFilter(ApplicationFilterChain.java:227)
	at org.apache.catalina.core.ApplicationFilterChain.doFilter(ApplicationFilterChain.java:162)
	at org.apache.tomcat.websocket.server.WsFilter.doFilter(WsFilter.java:53)
	at org.apache.catalina.core.ApplicationFilterChain.internalDoFilter(ApplicationFilterChain.java:189)
	at org.apache.catalina.core.ApplicationFilterChain.doFilter(ApplicationFilterChain.java:162)
	at org.springframework.web.filter.RequestContextFilter.doFilterInternal(RequestContextFilter.java:100)
	at org.springframework.web.filter.OncePerRequestFilter.doFilter(OncePerRequestFilter.java:117)
	at org.apache.catalina.core.ApplicationFilterChain.internalDoFilter(ApplicationFilterChain.java:189)
	at org.apache.catalina.core.ApplicationFilterChain.doFilter(ApplicationFilterChain.java:162)
	at org.springframework.web.filter.FormContentFilter.doFilterInternal(FormContentFilter.java:93)
	at org.springframework.web.filter.OncePerRequestFilter.doFilter(OncePerRequestFilter.java:117)
	at org.apache.catalina.core.ApplicationFilterChain.internalDoFilter(ApplicationFilterChain.java:189)
	at org.apache.catalina.core.ApplicationFilterChain.doFilter(ApplicationFilterChain.java:162)
	at org.springframework.web.filter.CharacterEncodingFilter.doFilterInternal(CharacterEncodingFilter.java:201)
	at org.springframework.web.filter.OncePerRequestFilter.doFilter(OncePerRequestFilter.java:117)
	at org.apache.catalina.core.ApplicationFilterChain.internalDoFilter(ApplicationFilterChain.java:189)
	at org.apache.catalina.core.ApplicationFilterChain.doFilter(ApplicationFilterChain.java:162)
	at org.apache.catalina.core.StandardWrapperValve.invoke(StandardWrapperValve.java:197)
	at org.apache.catalina.core.StandardContextValve.invoke(StandardContextValve.java:97)
	at org.apache.catalina.authenticator.AuthenticatorBase.invoke(AuthenticatorBase.java:540)
	at org.apache.catalina.core.StandardHostValve.invoke(StandardHostValve.java:135)
	at org.apache.catalina.valves.ErrorReportValve.invoke(ErrorReportValve.java:92)
	at org.apache.catalina.core.StandardEngineValve.invoke(StandardEngineValve.java:78)
	at org.apache.catalina.connector.CoyoteAdapter.service(CoyoteAdapter.java:357)
	at org.apache.coyote.http11.Http11Processor.service(Http11Processor.java:382)
	at org.apache.coyote.AbstractProcessorLight.process(AbstractProcessorLight.java:65)
	at org.apache.coyote.AbstractProtocol$ConnectionHandler.process(AbstractProtocol.java:895)
	at org.apache.tomcat.util.net.NioEndpoint$SocketProcessor.doRun(NioEndpoint.java:1732)
	at org.apache.tomcat.util.net.SocketProcessorBase.run(SocketProcessorBase.java:49)
	at org.apache.tomcat.util.threads.ThreadPoolExecutor.runWorker(ThreadPoolExecutor.java:1191)
	at org.apache.tomcat.util.threads.ThreadPoolExecutor$Worker.run(ThreadPoolExecutor.java:659)
	at org.apache.tomcat.util.threads.TaskThread$WrappingRunnable.run(TaskThread.java:61)
	at java.lang.Thread.run(Thread.java:748)
Caused by: org.springframework.web.reactive.function.client.WebClientResponseException$BadRequest: 400 Bad Request from POST http://localhost:8080/upload-csv-file
	at org.springframework.web.reactive.function.client.WebClientResponseException.create(WebClientResponseException.java:196)
	Suppressed: reactor.core.publisher.FluxOnAssembly$OnAssemblyException: 
Error has been observed at the following site(s):
	*__checkpoint ⇢ 400 from POST http://localhost:8080/upload-csv-file [DefaultWebClient]
Original Stack Trace:
		at org.springframework.web.reactive.function.client.WebClientResponseException.create(WebClientResponseException.java:196)
		at org.springframework.web.reactive.function.client.DefaultClientResponse.lambda$createException$1(DefaultClientResponse.java:207)
		at reactor.core.publisher.FluxMap$MapSubscriber.onNext(FluxMap.java:106)
		at reactor.core.publisher.FluxOnErrorResume$ResumeSubscriber.onNext(FluxOnErrorResume.java:79)
		at reactor.core.publisher.FluxDefaultIfEmpty$DefaultIfEmptySubscriber.onNext(FluxDefaultIfEmpty.java:101)
		at reactor.core.publisher.FluxMapFuseable$MapFuseableSubscriber.onNext(FluxMapFuseable.java:127)
		at reactor.core.publisher.FluxContextWrite$ContextWriteSubscriber.onNext(FluxContextWrite.java:107)
		at reactor.core.publisher.FluxMapFuseable$MapFuseableConditionalSubscriber.onNext(FluxMapFuseable.java:295)
		at reactor.core.publisher.FluxFilterFuseable$FilterFuseableConditionalSubscriber.onNext(FluxFilterFuseable.java:337)
		at reactor.core.publisher.Operators$MonoSubscriber.complete(Operators.java:1816)
		at reactor.core.publisher.MonoCollect$CollectSubscriber.onComplete(MonoCollect.java:159)
		at reactor.core.publisher.FluxMap$MapSubscriber.onComplete(FluxMap.java:142)
		at reactor.core.publisher.FluxPeek$PeekSubscriber.onComplete(FluxPeek.java:260)
		at reactor.core.publisher.FluxMap$MapSubscriber.onComplete(FluxMap.java:142)
		at reactor.netty.channel.FluxReceive.onInboundComplete(FluxReceive.java:400)
		at reactor.netty.channel.ChannelOperations.onInboundComplete(ChannelOperations.java:419)
		at reactor.netty.channel.ChannelOperations.terminate(ChannelOperations.java:473)
		at reactor.netty.http.client.HttpClientOperations.onInboundNext(HttpClientOperations.java:702)
		at reactor.netty.channel.ChannelOperationsHandler.channelRead(ChannelOperationsHandler.java:93)
		at io.netty.channel.AbstractChannelHandlerContext.invokeChannelRead(AbstractChannelHandlerContext.java:379)
		at io.netty.channel.AbstractChannelHandlerContext.invokeChannelRead(AbstractChannelHandlerContext.java:365)
		at io.netty.channel.AbstractChannelHandlerContext.fireChannelRead(AbstractChannelHandlerContext.java:357)
		at io.netty.handler.codec.MessageToMessageDecoder.channelRead(MessageToMessageDecoder.java:103)
		at io.netty.channel.AbstractChannelHandlerContext.invokeChannelRead(AbstractChannelHandlerContext.java:379)
		at io.netty.channel.AbstractChannelHandlerContext.invokeChannelRead(AbstractChannelHandlerContext.java:365)
		at io.netty.channel.AbstractChannelHandlerContext.fireChannelRead(AbstractChannelHandlerContext.java:357)
		at io.netty.channel.CombinedChannelDuplexHandler$DelegatingChannelHandlerContext.fireChannelRead(CombinedChannelDuplexHandler.java:436)
		at io.netty.handler.codec.ByteToMessageDecoder.fireChannelRead(ByteToMessageDecoder.java:327)
		at io.netty.handler.codec.ByteToMessageDecoder.channelRead(ByteToMessageDecoder.java:299)
		at io.netty.channel.CombinedChannelDuplexHandler.channelRead(CombinedChannelDuplexHandler.java:251)
		at io.netty.channel.AbstractChannelHandlerContext.invokeChannelRead(AbstractChannelHandlerContext.java:379)
		at io.netty.channel.AbstractChannelHandlerContext.invokeChannelRead(AbstractChannelHandlerContext.java:365)
		at io.netty.channel.AbstractChannelHandlerContext.fireChannelRead(AbstractChannelHandlerContext.java:357)
		at io.netty.channel.DefaultChannelPipeline$HeadContext.channelRead(DefaultChannelPipeline.java:1410)
		at io.netty.channel.AbstractChannelHandlerContext.invokeChannelRead(AbstractChannelHandlerContext.java:379)
		at io.netty.channel.AbstractChannelHandlerContext.invokeChannelRead(AbstractChannelHandlerContext.java:365)
		at io.netty.channel.DefaultChannelPipeline.fireChannelRead(DefaultChannelPipeline.java:919)
		at io.netty.channel.nio.AbstractNioByteChannel$NioByteUnsafe.read(AbstractNioByteChannel.java:166)
		at io.netty.channel.nio.NioEventLoop.processSelectedKey(NioEventLoop.java:722)
		at io.netty.channel.nio.NioEventLoop.processSelectedKeysOptimized(NioEventLoop.java:658)
		at io.netty.channel.nio.NioEventLoop.processSelectedKeys(NioEventLoop.java:584)
		at io.netty.channel.nio.NioEventLoop.run(NioEventLoop.java:496)
		at io.netty.util.concurrent.SingleThreadEventExecutor$4.run(SingleThreadEventExecutor.java:986)
		at io.netty.util.internal.ThreadExecutorMap$2.run(ThreadExecutorMap.java:74)
		at io.netty.util.concurrent.FastThreadLocalRunnable.run(FastThreadLocalRunnable.java:30)
		at java.lang.Thread.run(Thread.java:748)
	Suppressed: java.lang.Exception: #block terminated with an error
		at reactor.core.publisher.BlockingSingleSubscriber.blockingGet(BlockingSingleSubscriber.java:99)
		at reactor.core.publisher.Mono.block(Mono.java:1707)
		at com.sirma.assignmentvaadinui.backend.services.EmployeeService.getUploadAndGetResultsDTO(EmployeeService.java:34)
		at com.sirma.assignmentvaadinui.pages.MainView.lambda$getToolbar$a4257e30$1(MainView.java:66)
		at com.vaadin.flow.component.ComponentEventBus.fireEventForListener(ComponentEventBus.java:205)
		at com.vaadin.flow.component.ComponentEventBus.fireEvent(ComponentEventBus.java:194)
		at com.vaadin.flow.component.Component.fireEvent(Component.java:358)
		at com.vaadin.flow.component.upload.Upload.fireUploadSuccess(Upload.java:425)
		at com.vaadin.flow.component.upload.Upload.access$400(Upload.java:51)
		at com.vaadin.flow.component.upload.Upload$DefaultStreamVariable.streamingFinished(Upload.java:705)
		at com.vaadin.flow.server.communication.StreamReceiverHandler.streamToReceiver(StreamReceiverHandler.java:507)
		at com.vaadin.flow.server.communication.StreamReceiverHandler.handleFileUploadValidationAndData(StreamReceiverHandler.java:363)
		at com.vaadin.flow.server.communication.StreamReceiverHandler.handleStream(StreamReceiverHandler.java:274)
		at com.vaadin.flow.server.communication.StreamReceiverHandler.handleMultipartFileUploadFromParts(StreamReceiverHandler.java:233)
		at com.vaadin.flow.server.communication.StreamReceiverHandler.doHandleMultipartFileUpload(StreamReceiverHandler.java:186)
		at com.vaadin.flow.server.communication.StreamReceiverHandler.handleRequest(StreamReceiverHandler.java:146)
		at com.vaadin.flow.server.communication.StreamRequestHandler.handleRequest(StreamRequestHandler.java:112)
		at com.vaadin.flow.server.VaadinService.handleRequest(VaadinService.java:1578)
		at com.vaadin.flow.server.VaadinServlet.service(VaadinServlet.java:252)
		at com.vaadin.flow.spring.SpringServlet.service(SpringServlet.java:111)
		at javax.servlet.http.HttpServlet.service(HttpServlet.java:764)
		at org.apache.catalina.core.ApplicationFilterChain.internalDoFilter(ApplicationFilterChain.java:227)
		at org.apache.catalina.core.ApplicationFilterChain.doFilter(ApplicationFilterChain.java:162)
		at org.apache.catalina.core.ApplicationDispatcher.invoke(ApplicationDispatcher.java:711)
		at org.apache.catalina.core.ApplicationDispatcher.processRequest(ApplicationDispatcher.java:459)
		at org.apache.catalina.core.ApplicationDispatcher.doForward(ApplicationDispatcher.java:353)
		at org.apache.catalina.core.ApplicationDispatcher.forward(ApplicationDispatcher.java:313)
		at org.springframework.web.servlet.mvc.ServletForwardingController.handleRequestInternal(ServletForwardingController.java:141)
		at org.springframework.web.servlet.mvc.AbstractController.handleRequest(AbstractController.java:177)
		at org.springframework.web.servlet.mvc.SimpleControllerHandlerAdapter.handle(SimpleControllerHandlerAdapter.java:51)
		at org.springframework.web.servlet.DispatcherServlet.doDispatch(DispatcherServlet.java:1067)
		at org.springframework.web.servlet.DispatcherServlet.doService(DispatcherServlet.java:963)
		at org.springframework.web.servlet.FrameworkServlet.processRequest(FrameworkServlet.java:1006)
		at org.springframework.web.servlet.FrameworkServlet.doPost(FrameworkServlet.java:909)
		at javax.servlet.http.HttpServlet.service(HttpServlet.java:681)
		at org.springframework.web.servlet.FrameworkServlet.service(FrameworkServlet.java:883)
		at javax.servlet.http.HttpServlet.service(HttpServlet.java:764)
		at org.apache.catalina.core.ApplicationFilterChain.internalDoFilter(ApplicationFilterChain.java:227)
		at org.apache.catalina.core.ApplicationFilterChain.doFilter(ApplicationFilterChain.java:162)
		at org.apache.tomcat.websocket.server.WsFilter.doFilter(WsFilter.java:53)
		at org.apache.catalina.core.ApplicationFilterChain.internalDoFilter(ApplicationFilterChain.java:189)
		at org.apache.catalina.core.ApplicationFilterChain.doFilter(ApplicationFilterChain.java:162)
		at org.springframework.web.filter.RequestContextFilter.doFilterInternal(RequestContextFilter.java:100)
		at org.springframework.web.filter.OncePerRequestFilter.doFilter(OncePerRequestFilter.java:117)
		at org.apache.catalina.core.ApplicationFilterChain.internalDoFilter(ApplicationFilterChain.java:189)
		at org.apache.catalina.core.ApplicationFilterChain.doFilter(ApplicationFilterChain.java:162)
		at org.springframework.web.filter.FormContentFilter.doFilterInternal(FormContentFilter.java:93)
		at org.springframework.web.filter.OncePerRequestFilter.doFilter(OncePerRequestFilter.java:117)
		at org.apache.catalina.core.ApplicationFilterChain.internalDoFilter(ApplicationFilterChain.java:189)
		at org.apache.catalina.core.ApplicationFilterChain.doFilter(ApplicationFilterChain.java:162)
		at org.springframework.web.filter.CharacterEncodingFilter.doFilterInternal(CharacterEncodingFilter.java:201)
		at org.springframework.web.filter.OncePerRequestFilter.doFilter(OncePerRequestFilter.java:117)
		at org.apache.catalina.core.ApplicationFilterChain.internalDoFilter(ApplicationFilterChain.java:189)
		at org.apache.catalina.core.ApplicationFilterChain.doFilter(ApplicationFilterChain.java:162)
		at org.apache.catalina.core.StandardWrapperValve.invoke(StandardWrapperValve.java:197)
		at org.apache.catalina.core.StandardContextValve.invoke(StandardContextValve.java:97)
		at org.apache.catalina.authenticator.AuthenticatorBase.invoke(AuthenticatorBase.java:540)
		at org.apache.catalina.core.StandardHostValve.invoke(StandardHostValve.java:135)
		at org.apache.catalina.valves.ErrorReportValve.invoke(ErrorReportValve.java:92)
		at org.apache.catalina.core.StandardEngineValve.invoke(StandardEngineValve.java:78)
		at org.apache.catalina.connector.CoyoteAdapter.service(CoyoteAdapter.java:357)
		at org.apache.coyote.http11.Http11Processor.service(Http11Processor.java:382)
		at org.apache.coyote.AbstractProcessorLight.process(AbstractProcessorLight.java:65)
		at org.apache.coyote.AbstractProtocol$ConnectionHandler.process(AbstractProtocol.java:895)
		at org.apache.tomcat.util.net.NioEndpoint$SocketProcessor.doRun(NioEndpoint.java:1732)
		at org.apache.tomcat.util.net.SocketProcessorBase.run(SocketProcessorBase.java:49)
		at org.apache.tomcat.util.threads.ThreadPoolExecutor.runWorker(ThreadPoolExecutor.java:1191)
		at org.apache.tomcat.util.threads.ThreadPoolExecutor$Worker.run(ThreadPoolExecutor.java:659)
		at org.apache.tomcat.util.threads.TaskThread$WrappingRunnable.run(TaskThread.java:61)
		at java.lang.Thread.run(Thread.java:748)
